#
# A fatal error has been detected by the Java Runtime Environment:
#
#  EXCEPTION_ACCESS_VIOLATION (0xc0000005) at pc=0x0000000070539eb5, pid=21464, tid=0x00000000000038e4
#
# JRE version: Java(TM) SE Runtime Environment (8.0_271-b09) (build 1.8.0_271-b09)
# Java VM: Java HotSpot(TM) 64-Bit Server VM (25.271-b09 mixed mode windows-amd64 compressed oops)
# Problematic frame:
# V  [jvm.dll+0x1e9eb5]
#
# Failed to write core dump. Minidumps are not enabled by default on client versions of Windows
#
# If you would like to submit a bug report, please visit:
#   http://bugreport.java.com/bugreport/crash.jsp
#

---------------  T H R E A D  ---------------

Current thread (0x00000209fede9800):  JavaThread "stdout writer for python" daemon [_thread_in_vm, id=14564, stack(0x00000037a6500000,0x00000037a6600000)]

siginfo: ExceptionCode=0xc0000005, writing address 0x0000000000000000

Registers:
RAX=0x0000000000000158, RBX=0x00000209fede9800, RCX=0x0000000000000980, RDX=0x00000037a65fe6e8
RSP=0x00000037a65fe680, RBP=0x00000209fede9800, RSI=0x00000000ee535b00, RDI=0x0000000000000000
R8 =0x0000000000000000, R9 =0x0000000000000000, R10=0x0000000070539de0, R11=0x00000209e94bb0d8
R12=0x0000000000000000, R13=0x00000037a65fe740, R14=0x0000000000000000, R15=0x0000000000000000
RIP=0x0000000070539eb5, EFLAGS=0x0000000000010246

Top of Stack: (sp=0x00000037a65fe680)
0x00000037a65fe680:   00000037a65fe740 00000209800a8968
0x00000037a65fe690:   00000209fede9800 00000209800a9bfe
0x00000037a65fe6a0:   00000209fede9800 00000037a65fe7d0
0x00000037a65fe6b0:   0000000000000158 00000209e94bb1b1
0x00000037a65fe6c0:   00000209fa818840 00000037a65fe720
0x00000037a65fe6d0:   00000000ee535b20 00000209800a9bfe
0x00000037a65fe6e0:   0000000000000158 00000000c00023c0
0x00000037a65fe6f0:   0000000000000000 00000209faa01f98
0x00000037a65fe700:   00000037a65fe7a8 00000209e8e96b46
0x00000037a65fe710:   00000209800a9c30 0000020900000000
0x00000037a65fe720:   00000037a65fe7a8 00000209e8e7837d
0x00000037a65fe730:   00000209faa01f98 00000209e8e7837d
0x00000037a65fe740:   0000000000000158 0000000000000000
0x00000037a65fe750:   00000000ee535b20 0000000000000000
0x00000037a65fe760:   00000000c00023c0 00000037a65fe768
0x00000037a65fe770:   00000209800a9bfe 00000037a65fe7d0 

Instructions: (pc=0x0000000070539eb5)
0x0000000070539e95:   00 48 85 ff 74 16 40 f6 c7 01 74 0d 48 8b cf e8
0x0000000070539ea5:   c7 35 03 00 4c 8b f0 eb 03 4c 8b 37 8b 44 24 60
0x0000000070539eb5:   43 89 04 3e 48 8b 7b 48 48 8b 47 10 48 8b 77 08
0x0000000070539ec5:   48 83 38 00 74 19 48 8b 57 28 48 8b ce e8 c9 c2 


Register to memory mapping:

RAX=0x0000000000000158 is an unknown value
RBX=0x00000209fede9800 is a thread
RCX=0x0000000000000980 is an unknown value
RDX=0x00000037a65fe6e8 is pointing into the stack for thread: 0x00000209fede9800
RSP=0x00000037a65fe680 is pointing into the stack for thread: 0x00000209fede9800
RBP=0x00000209fede9800 is a thread
RSI=0x00000000ee535b00 is an oop

[error occurred during error reporting (printing register info), id 0xc0000005]

Stack: [0x00000037a6500000,0x00000037a6600000],  sp=0x00000037a65fe680,  free space=1017k
Native frames: (J=compiled Java code, j=interpreted, Vv=VM code, C=native code)
V  [jvm.dll+0x1e9eb5]
C  0x00000209e94bb1b1

Java frames: (J=compiled Java code, j=interpreted, Vv=VM code)
J 2228  sun.misc.Unsafe.putInt(Ljava/lang/Object;JI)V (0 bytes) @ 0x00000209e94bb114 [0x00000209e94bb0c0+0x54]
j  org.apache.spark.unsafe.Platform.putInt(Ljava/lang/Object;JI)V+6
j  org.apache.spark.sql.execution.python.InMemoryRowQueue.add(Lorg/apache/spark/sql/catalyst/expressions/UnsafeRow;)Z+68
j  org.apache.spark.sql.execution.python.HybridRowQueue.add(Lorg/apache/spark/sql/catalyst/expressions/UnsafeRow;)Z+40
j  org.apache.spark.sql.execution.python.EvalPythonExec.$anonfun$doExecute$10(Lorg/apache/spark/sql/execution/python/HybridRowQueue;Lorg/apache/spark/sql/catalyst/expressions/MutableProjection;Lorg/apache/spark/sql/catalyst/InternalRow;)Lorg/apache/spark/sql/catalyst/InternalRow;+5
j  org.apache.spark.sql.execution.python.EvalPythonExec$$Lambda$2797.apply(Ljava/lang/Object;)Ljava/lang/Object;+12
J 6633 C2 scala.collection.Iterator$$anon$10.next()Ljava/lang/Object; (19 bytes) @ 0x00000209e9db6680 [0x00000209e9db6620+0x60]
J 6633 C2 scala.collection.Iterator$$anon$10.next()Ljava/lang/Object; (19 bytes) @ 0x00000209e9db6668 [0x00000209e9db6620+0x48]
J 11405 C1 scala.collection.Iterator$GroupedIterator.takeDestructively(I)Lscala/collection/Seq; (50 bytes) @ 0x00000209e9f8023c [0x00000209e9f7ff80+0x2bc]
J 9191 C1 scala.collection.Iterator$GroupedIterator.go(I)Z (218 bytes) @ 0x00000209e9bde77c [0x00000209e9bde200+0x57c]
J 9414 C1 scala.collection.Iterator$GroupedIterator.fill()Z (42 bytes) @ 0x00000209ea3ef81c [0x00000209ea3ef2e0+0x53c]
J 9413 C1 scala.collection.Iterator$GroupedIterator.hasNext()Z (18 bytes) @ 0x00000209ea3ed17c [0x00000209ea3ed0c0+0xbc]
J 6606 C2 scala.collection.Iterator$$anon$10.hasNext()Z (10 bytes) @ 0x00000209e93b3844 [0x00000209e93b3800+0x44]
J 6766 C2 scala.collection.AbstractIterator.foreach(Lscala/Function1;)V (6 bytes) @ 0x00000209e9e1eb24 [0x00000209e9e1eae0+0x44]
j  org.apache.spark.api.python.PythonRDD$.writeIteratorToStream(Lscala/collection/Iterator;Ljava/io/DataOutputStream;)V+8
j  org.apache.spark.sql.execution.python.PythonUDFRunner$$anon$1.writeIteratorToStream(Ljava/io/DataOutputStream;)V+8
j  org.apache.spark.api.python.BasePythonRunner$WriterThread.$anonfun$run$1(Lorg/apache/spark/api/python/BasePythonRunner$WriterThread;)Ljava/lang/Object;+779
j  org.apache.spark.api.python.BasePythonRunner$WriterThread$$Lambda$2860.apply()Ljava/lang/Object;+4
J 12760 C2 org.apache.spark.util.Utils$.logUncaughtExceptions(Lscala/Function0;)Ljava/lang/Object; (66 bytes) @ 0x00000209e99d35e4 [0x00000209e99d35a0+0x44]
j  org.apache.spark.api.python.BasePythonRunner$WriterThread.run()V+9
v  ~StubRoutines::call_stub

---------------  P R O C E S S  ---------------

Java Threads: ( => current thread )
  0x00000209fedeb000 JavaThread "Worker Monitor for python" daemon [_thread_blocked, id=33500, stack(0x00000037a6600000,0x00000037a6700000)]
=>0x00000209fede9800 JavaThread "stdout writer for python" daemon [_thread_in_vm, id=14564, stack(0x00000037a6500000,0x00000037a6600000)]
  0x00000209fede3800 JavaThread "stderr reader for python" daemon [_thread_blocked, id=19432, stack(0x00000037a6400000,0x00000037a6500000)]
  0x00000209fede9000 JavaThread "stdout reader for python" daemon [_thread_blocked, id=17936, stack(0x00000037a2000000,0x00000037a2100000)]
  0x00000209fede6800 JavaThread "Executor task launch worker for task 63" daemon [_thread_blocked, id=19284, stack(0x00000037a1e00000,0x00000037a1f00000)]
  0x0000020988c56000 JavaThread "Idle Worker Monitor for python" daemon [_thread_blocked, id=2888, stack(0x00000037a1f00000,0x00000037a2000000)]
  0x00000209fedf2800 JavaThread "task-result-getter-3" daemon [_thread_blocked, id=44112, stack(0x00000037a8000000,0x00000037a8100000)]
  0x00000209fedef000 JavaThread "task-result-getter-2" daemon [_thread_blocked, id=8028, stack(0x00000037a7f00000,0x00000037a8000000)]
  0x00000209fedef800 JavaThread "task-result-getter-1" daemon [_thread_blocked, id=13684, stack(0x00000037a7e00000,0x00000037a7f00000)]
  0x0000020981b1f000 JavaThread "task-result-getter-0" daemon [_thread_blocked, id=39448, stack(0x00000037a6700000,0x00000037a6800000)]
  0x0000020981b24800 JavaThread "org.apache.hadoop.fs.FileSystem$Statistics$StatisticsDataReferenceCleaner" daemon [_thread_blocked, id=45064, stack(0x00000037a6300000,0x00000037a6400000)]
  0x0000020981b1c000 JavaThread "spark-listener-group-shared" daemon [_thread_blocked, id=27376, stack(0x00000037a6200000,0x00000037a6300000)]
  0x0000020981b22000 JavaThread "element-tracking-store-worker" daemon [_thread_blocked, id=38152, stack(0x00000037a6100000,0x00000037a6200000)]
  0x0000020981b1b800 JavaThread "spark-listener-group-executorManagement" daemon [_thread_blocked, id=17728, stack(0x00000037a6000000,0x00000037a6100000)]
  0x0000020981b1d000 JavaThread "spark-listener-group-appStatus" daemon [_thread_blocked, id=35852, stack(0x00000037a5f00000,0x00000037a6000000)]
  0x00000209fef36800 JavaThread "context-cleaner-periodic-gc" daemon [_thread_blocked, id=19320, stack(0x00000037a5e00000,0x00000037a5f00000)]
  0x00000209fef35800 JavaThread "Spark Context Cleaner" daemon [_thread_blocked, id=42668, stack(0x00000037a5d00000,0x00000037a5e00000)]
  0x00000209fef34000 JavaThread "shuffle-boss-6-1" daemon [_thread_in_native, id=25760, stack(0x00000037a5c00000,0x00000037a5d00000)]
  0x00000209fef32800 JavaThread "executor-heartbeater" daemon [_thread_blocked, id=46256, stack(0x00000037a5b00000,0x00000037a5c00000)]
  0x00000209fef32000 JavaThread "driver-heartbeater" daemon [_thread_blocked, id=19156, stack(0x00000037a5a00000,0x00000037a5b00000)]
  0x00000209fef33800 JavaThread "dag-scheduler-event-loop" daemon [_thread_blocked, id=40284, stack(0x00000037a5900000,0x00000037a5a00000)]
  0x00000209fef35000 JavaThread "Timer-1" daemon [_thread_blocked, id=45380, stack(0x00000037a5800000,0x00000037a5900000)]
  0x00000209fef31000 JavaThread "Timer-0" daemon [_thread_blocked, id=25468, stack(0x00000037a5700000,0x00000037a5800000)]
  0x00000209fef2b000 JavaThread "netty-rpc-env-timeout" daemon [_thread_blocked, id=11792, stack(0x00000037a5600000,0x00000037a5700000)]
  0x00000209fef2f800 JavaThread "heartbeat-receiver-event-loop-thread" daemon [_thread_blocked, id=25348, stack(0x00000037a5500000,0x00000037a5600000)]
  0x00000209fef2f000 JavaThread "SparkUI-45" daemon [_thread_blocked, id=5736, stack(0x00000037a5400000,0x00000037a5500000)]
  0x00000209fef30800 JavaThread "SparkUI-44" daemon [_thread_blocked, id=13612, stack(0x00000037a5300000,0x00000037a5400000)]
  0x00000209fef28000 JavaThread "SparkUI-43" daemon [_thread_blocked, id=19460, stack(0x00000037a5200000,0x00000037a5300000)]
  0x00000209fef29800 JavaThread "SparkUI-42-acceptor-0@3712fcf9-Spark@39d5146b{HTTP/1.1,[http/1.1]}{0.0.0.0:4040}" daemon [_thread_in_native, id=42228, stack(0x00000037a5100000,0x00000037a5200000)]
  0x00000209fef27800 JavaThread "SparkUI-41" daemon [_thread_in_native, id=39928, stack(0x00000037a5000000,0x00000037a5100000)]
  0x00000209fef29000 JavaThread "SparkUI-40" daemon [_thread_in_native, id=23384, stack(0x00000037a4f00000,0x00000037a5000000)]
  0x00000209fef2d800 JavaThread "SparkUI-39" daemon [_thread_in_native, id=3036, stack(0x00000037a4e00000,0x00000037a4f00000)]
  0x00000209fef2a800 JavaThread "SparkUI-38" daemon [_thread_in_native, id=10980, stack(0x00000037a4d00000,0x00000037a4e00000)]
  0x00000209fef2c800 JavaThread "refresh progress" daemon [_thread_blocked, id=41108, stack(0x00000037a4c00000,0x00000037a4d00000)]
  0x00000209fef2e000 JavaThread "RemoteBlock-temp-file-clean-thread" daemon [_thread_blocked, id=23752, stack(0x00000037a4b00000,0x00000037a4c00000)]
  0x00000209fef2c000 JavaThread "dispatcher-BlockManagerEndpoint1" daemon [_thread_blocked, id=31660, stack(0x00000037a4a00000,0x00000037a4b00000)]
  0x00000209fe252800 JavaThread "dispatcher-BlockManagerMaster" daemon [_thread_blocked, id=28628, stack(0x00000037a4900000,0x00000037a4a00000)]
  0x00000209fe251800 JavaThread "map-output-dispatcher-7" daemon [_thread_blocked, id=10784, stack(0x00000037a4800000,0x00000037a4900000)]
  0x00000209fe251000 JavaThread "map-output-dispatcher-6" daemon [_thread_blocked, id=22620, stack(0x00000037a4700000,0x00000037a4800000)]
  0x00000209fe24e000 JavaThread "map-output-dispatcher-5" daemon [_thread_blocked, id=41004, stack(0x00000037a4600000,0x00000037a4700000)]
  0x00000209fe24d000 JavaThread "map-output-dispatcher-4" daemon [_thread_blocked, id=26376, stack(0x00000037a4500000,0x00000037a4600000)]
  0x00000209fe24c800 JavaThread "map-output-dispatcher-3" daemon [_thread_blocked, id=15480, stack(0x00000037a4400000,0x00000037a4500000)]
  0x00000209fe250000 JavaThread "map-output-dispatcher-2" daemon [_thread_blocked, id=3752, stack(0x00000037a4300000,0x00000037a4400000)]
  0x00000209fe24b800 JavaThread "map-output-dispatcher-1" daemon [_thread_blocked, id=42072, stack(0x00000037a4200000,0x00000037a4300000)]
  0x00000209fe24f800 JavaThread "map-output-dispatcher-0" daemon [_thread_blocked, id=28168, stack(0x00000037a4100000,0x00000037a4200000)]
  0x00000209fe24e800 JavaThread "dispatcher-event-loop-7" daemon [_thread_blocked, id=18804, stack(0x00000037a4000000,0x00000037a4100000)]
  0x00000209ff669800 JavaThread "dispatcher-event-loop-6" daemon [_thread_blocked, id=32236, stack(0x00000037a3f00000,0x00000037a4000000)]
  0x00000209feaf0800 JavaThread "dispatcher-event-loop-5" daemon [_thread_blocked, id=21896, stack(0x00000037a3e00000,0x00000037a3f00000)]
  0x00000209fe874000 JavaThread "dispatcher-event-loop-4" daemon [_thread_blocked, id=17928, stack(0x00000037a3d00000,0x00000037a3e00000)]
  0x00000209fd7b1000 JavaThread "dispatcher-event-loop-3" daemon [_thread_blocked, id=2104, stack(0x00000037a3c00000,0x00000037a3d00000)]
  0x00000209ffaca000 JavaThread "dispatcher-event-loop-2" daemon [_thread_blocked, id=31008, stack(0x00000037a3b00000,0x00000037a3c00000)]
  0x00000209fe3ab000 JavaThread "dispatcher-event-loop-1" daemon [_thread_blocked, id=41196, stack(0x00000037a3a00000,0x00000037a3b00000)]
  0x00000209ff318800 JavaThread "dispatcher-event-loop-0" daemon [_thread_blocked, id=35616, stack(0x00000037a3900000,0x00000037a3a00000)]
  0x00000209ffb88000 JavaThread "rpc-boss-3-1" daemon [_thread_in_native, id=3400, stack(0x00000037a3800000,0x00000037a3900000)]
  0x00000209ff8e9800 JavaThread "Thread-3" [_thread_blocked, id=37380, stack(0x00000037a3700000,0x00000037a3800000)]
  0x00000209ff8e8800 JavaThread "Thread-2" [_thread_in_native, id=28416, stack(0x00000037a3600000,0x00000037a3700000)]
  0x00000209ff8e7800 JavaThread "pool-2-thread-1" [_thread_blocked, id=39080, stack(0x00000037a2100000,0x00000037a2200000)]
  0x00000209fb47e800 JavaThread "Service Thread" daemon [_thread_blocked, id=34128, stack(0x00000037a3400000,0x00000037a3500000)]
  0x00000209fb476000 JavaThread "C1 CompilerThread3" daemon [_thread_blocked, id=45092, stack(0x00000037a3300000,0x00000037a3400000)]
  0x00000209fb437000 JavaThread "C2 CompilerThread2" daemon [_thread_blocked, id=17180, stack(0x00000037a3200000,0x00000037a3300000)]
  0x00000209fb427000 JavaThread "C2 CompilerThread1" daemon [_thread_blocked, id=18096, stack(0x00000037a3100000,0x00000037a3200000)]
  0x00000209fb421800 JavaThread "C2 CompilerThread0" daemon [_thread_blocked, id=15760, stack(0x00000037a3000000,0x00000037a3100000)]
  0x00000209fb41f800 JavaThread "Attach Listener" daemon [_thread_blocked, id=45604, stack(0x00000037a2f00000,0x00000037a3000000)]
  0x00000209fb41e800 JavaThread "Signal Dispatcher" daemon [_thread_blocked, id=27680, stack(0x00000037a2e00000,0x00000037a2f00000)]
  0x00000209fb3fc800 JavaThread "Finalizer" daemon [_thread_blocked, id=17248, stack(0x00000037a2d00000,0x00000037a2e00000)]
  0x00000209fb3d6000 JavaThread "Reference Handler" daemon [_thread_blocked, id=16500, stack(0x00000037a2c00000,0x00000037a2d00000)]
  0x00000209e7536800 JavaThread "main" [_thread_in_native, id=19172, stack(0x00000037a2200000,0x00000037a2300000)]

Other Threads:
  0x00000209fb3d1000 VMThread [stack: 0x00000037a2b00000,0x00000037a2c00000] [id=22124]
  0x00000209fd1c7000 WatcherThread [stack: 0x00000037a3500000,0x00000037a3600000] [id=30760]

VM state:synchronizing (normal execution)

VM Mutex/Monitor currently owned by a thread:  ([mutex/lock_event])
[0x00000209e752d780] Threads_lock - owner thread: 0x00000209fb3d1000

heap address: 0x00000000c0000000, size: 1024 MB, Compressed Oops mode: 32-bit
Narrow klass base: 0x0000000000000000, Narrow klass shift: 3
Compressed class space size: 1073741824 Address: 0x0000000100000000

Heap:
 PSYoungGen      total 345088K, used 68197K [0x00000000eab00000, 0x0000000100000000, 0x0000000100000000)
  eden space 340992K, 19% used [0x00000000eab00000,0x00000000eed99580,0x00000000ff800000)
  from space 4096K, 0% used [0x00000000ffc00000,0x00000000ffc00000,0x0000000100000000)
  to   space 4096K, 0% used [0x00000000ff800000,0x00000000ff800000,0x00000000ffc00000)
 ParOldGen       total 168960K, used 24063K [0x00000000c0000000, 0x00000000ca500000, 0x00000000eab00000)
  object space 168960K, 14% used [0x00000000c0000000,0x00000000c177ff30,0x00000000ca500000)
 Metaspace       used 95710K, capacity 105803K, committed 109056K, reserved 1142784K
  class space    used 13378K, capacity 14180K, committed 14848K, reserved 1048576K

Card table byte_map: [0x00000209f8230000,0x00000209f8440000] byte_map_base: 0x00000209f7c30000

Marking Bits: (ParMarkBitMap*) 0x0000000070b47fe0
 Begin Bits: [0x00000209f85a0000, 0x00000209f95a0000)
 End Bits:   [0x00000209f95a0000, 0x00000209fa5a0000)

Polling page: 0x00000209e74a0000

CodeCache: size=245760Kb used=33396Kb max_used=33431Kb free=212363Kb
 bounds [0x00000209e8e70000, 0x00000209eaf50000, 0x00000209f7e70000]
 total_blobs=11462 nmethods=10616 adapters=755
 compilation: enabled

Compilation events (10 events):
Event: 26587.360 Thread 0x00000209fb476000 12892       3       scala.collection.generic.GenMapFactory$MapCanBuildFrom::apply (8 bytes)
Event: 26587.361 Thread 0x00000209fb476000 nmethod 12892 0x00000209e9ce83d0 code [0x00000209e9ce8540, 0x00000209e9ce8790]
Event: 26587.361 Thread 0x00000209fb476000 12873       3       org.codehaus.janino.Java$AbstractCompilationUnit$ImportDeclaration::<init> (6 bytes)
Event: 26587.361 Thread 0x00000209fb476000 nmethod 12873 0x00000209eaa08150 code [0x00000209eaa082c0, 0x00000209eaa084f8]
Event: 26587.366 Thread 0x00000209fb476000 12893       1       org.apache.spark.storage.memory.MemoryStore::releaseUnrollMemoryForThisTask$default$2 (4 bytes)
Event: 26587.366 Thread 0x00000209fb476000 nmethod 12893 0x00000209e9dc6fd0 code [0x00000209e9dc7120, 0x00000209e9dc7238]
Event: 26587.368 Thread 0x00000209fb427000 12894   !   4       org.apache.spark.memory.TaskMemoryManager::cleanUpAllAllocatedMemory (246 bytes)
Event: 26587.369 Thread 0x00000209fb476000 12895       3       org.apache.spark.executor.Executor::log (5 bytes)
Event: 26587.370 Thread 0x00000209fb437000 nmethod 12865 0x00000209eaf41bd0 code [0x00000209eaf41da0, 0x00000209eaf42a68]
Event: 26587.370 Thread 0x00000209fb476000 nmethod 12895 0x00000209ea40e2d0 code [0x00000209ea40e440, 0x00000209ea40e630]

GC Heap History (10 events):
Event: 21615.204 GC heap before
{Heap before GC invocations=260 (full 16):
 PSYoungGen      total 344576K, used 992K [0x00000000eab00000, 0x0000000100000000, 0x0000000100000000)
  eden space 339968K, 0% used [0x00000000eab00000,0x00000000eab00000,0x00000000ff700000)
  from space 4608K, 21% used [0x00000000ffb80000,0x00000000ffc78000,0x0000000100000000)
  to   space 4608K, 0% used [0x00000000ff700000,0x00000000ff700000,0x00000000ffb80000)
 ParOldGen       total 168960K, used 24085K [0x00000000c0000000, 0x00000000ca500000, 0x00000000eab00000)
  object space 168960K, 14% used [0x00000000c0000000,0x00000000c1785438,0x00000000ca500000)
 Metaspace       used 95153K, capacity 104947K, committed 109056K, reserved 1142784K
  class space    used 13299K, capacity 14042K, committed 14848K, reserved 1048576K
Event: 21615.684 GC heap after
Heap after GC invocations=260 (full 16):
 PSYoungGen      total 344576K, used 0K [0x00000000eab00000, 0x0000000100000000, 0x0000000100000000)
  eden space 339968K, 0% used [0x00000000eab00000,0x00000000eab00000,0x00000000ff700000)
  from space 4608K, 0% used [0x00000000ffb80000,0x00000000ffb80000,0x0000000100000000)
  to   space 4608K, 0% used [0x00000000ff700000,0x00000000ff700000,0x00000000ffb80000)
 ParOldGen       total 168960K, used 24055K [0x00000000c0000000, 0x00000000ca500000, 0x00000000eab00000)
  object space 168960K, 14% used [0x00000000c0000000,0x00000000c177dd30,0x00000000ca500000)
 Metaspace       used 95153K, capacity 104947K, committed 109056K, reserved 1142784K
  class space    used 13299K, capacity 14042K, committed 14848K, reserved 1048576K
}
Event: 23415.182 GC heap before
{Heap before GC invocations=261 (full 16):
 PSYoungGen      total 344576K, used 6326K [0x00000000eab00000, 0x0000000100000000, 0x0000000100000000)
  eden space 339968K, 1% used [0x00000000eab00000,0x00000000eb12daf8,0x00000000ff700000)
  from space 4608K, 0% used [0x00000000ffb80000,0x00000000ffb80000,0x0000000100000000)
  to   space 4608K, 0% used [0x00000000ff700000,0x00000000ff700000,0x00000000ffb80000)
 ParOldGen       total 168960K, used 24055K [0x00000000c0000000, 0x00000000ca500000, 0x00000000eab00000)
  object space 168960K, 14% used [0x00000000c0000000,0x00000000c177dd30,0x00000000ca500000)
 Metaspace       used 95155K, capacity 104947K, committed 109056K, reserved 1142784K
  class space    used 13299K, capacity 14042K, committed 14848K, reserved 1048576K
Event: 23415.190 GC heap after
Heap after GC invocations=261 (full 16):
 PSYoungGen      total 344576K, used 480K [0x00000000eab00000, 0x0000000100000000, 0x0000000100000000)
  eden space 339968K, 0% used [0x00000000eab00000,0x00000000eab00000,0x00000000ff700000)
  from space 4608K, 10% used [0x00000000ff700000,0x00000000ff778000,0x00000000ffb80000)
  to   space 4096K, 0% used [0x00000000ffc00000,0x00000000ffc00000,0x0000000100000000)
 ParOldGen       total 168960K, used 24055K [0x00000000c0000000, 0x00000000ca500000, 0x00000000eab00000)
  object space 168960K, 14% used [0x00000000c0000000,0x00000000c177dd30,0x00000000ca500000)
 Metaspace       used 95155K, capacity 104947K, committed 109056K, reserved 1142784K
  class space    used 13299K, capacity 14042K, committed 14848K, reserved 1048576K
}
Event: 23415.190 GC heap before
{Heap before GC invocations=262 (full 17):
 PSYoungGen      total 344576K, used 480K [0x00000000eab00000, 0x0000000100000000, 0x0000000100000000)
  eden space 339968K, 0% used [0x00000000eab00000,0x00000000eab00000,0x00000000ff700000)
  from space 4608K, 10% used [0x00000000ff700000,0x00000000ff778000,0x00000000ffb80000)
  to   space 4096K, 0% used [0x00000000ffc00000,0x00000000ffc00000,0x0000000100000000)
 ParOldGen       total 168960K, used 24055K [0x00000000c0000000, 0x00000000ca500000, 0x00000000eab00000)
  object space 168960K, 14% used [0x00000000c0000000,0x00000000c177dd30,0x00000000ca500000)
 Metaspace       used 95155K, capacity 104947K, committed 109056K, reserved 1142784K
  class space    used 13299K, capacity 14042K, committed 14848K, reserved 1048576K
Event: 23415.308 GC heap after
Heap after GC invocations=262 (full 17):
 PSYoungGen      total 344576K, used 0K [0x00000000eab00000, 0x0000000100000000, 0x0000000100000000)
  eden space 339968K, 0% used [0x00000000eab00000,0x00000000eab00000,0x00000000ff700000)
  from space 4608K, 0% used [0x00000000ff700000,0x00000000ff700000,0x00000000ffb80000)
  to   space 4096K, 0% used [0x00000000ffc00000,0x00000000ffc00000,0x0000000100000000)
 ParOldGen       total 168960K, used 24058K [0x00000000c0000000, 0x00000000ca500000, 0x00000000eab00000)
  object space 168960K, 14% used [0x00000000c0000000,0x00000000c177eaf0,0x00000000ca500000)
 Metaspace       used 95155K, capacity 104947K, committed 109056K, reserved 1142784K
  class space    used 13299K, capacity 14042K, committed 14848K, reserved 1048576K
}
Event: 25215.185 GC heap before
{Heap before GC invocations=263 (full 17):
 PSYoungGen      total 344576K, used 7250K [0x00000000eab00000, 0x0000000100000000, 0x0000000100000000)
  eden space 339968K, 2% used [0x00000000eab00000,0x00000000eb214a48,0x00000000ff700000)
  from space 4608K, 0% used [0x00000000ff700000,0x00000000ff700000,0x00000000ffb80000)
  to   space 4096K, 0% used [0x00000000ffc00000,0x00000000ffc00000,0x0000000100000000)
 ParOldGen       total 168960K, used 24058K [0x00000000c0000000, 0x00000000ca500000, 0x00000000eab00000)
  object space 168960K, 14% used [0x00000000c0000000,0x00000000c177eaf0,0x00000000ca500000)
 Metaspace       used 95155K, capacity 104947K, committed 109056K, reserved 1142784K
  class space    used 13299K, capacity 14042K, committed 14848K, reserved 1048576K
Event: 25215.191 GC heap after
Heap after GC invocations=263 (full 17):
 PSYoungGen      total 345088K, used 1024K [0x00000000eab00000, 0x0000000100000000, 0x0000000100000000)
  eden space 340992K, 0% used [0x00000000eab00000,0x00000000eab00000,0x00000000ff800000)
  from space 4096K, 25% used [0x00000000ffc00000,0x00000000ffd00000,0x0000000100000000)
  to   space 4096K, 0% used [0x00000000ff800000,0x00000000ff800000,0x00000000ffc00000)
 ParOldGen       total 168960K, used 24058K [0x00000000c0000000, 0x00000000ca500000, 0x00000000eab00000)
  object space 168960K, 14% used [0x00000000c0000000,0x00000000c177eaf0,0x00000000ca500000)
 Metaspace       used 95155K, capacity 104947K, committed 109056K, reserved 1142784K
  class space    used 13299K, capacity 14042K, committed 14848K, reserved 1048576K
}
Event: 25215.191 GC heap before
{Heap before GC invocations=264 (full 18):
 PSYoungGen      total 345088K, used 1024K [0x00000000eab00000, 0x0000000100000000, 0x0000000100000000)
  eden space 340992K, 0% used [0x00000000eab00000,0x00000000eab00000,0x00000000ff800000)
  from space 4096K, 25% used [0x00000000ffc00000,0x00000000ffd00000,0x0000000100000000)
  to   space 4096K, 0% used [0x00000000ff800000,0x00000000ff800000,0x00000000ffc00000)
 ParOldGen       total 168960K, used 24058K [0x00000000c0000000, 0x00000000ca500000, 0x00000000eab00000)
  object space 168960K, 14% used [0x00000000c0000000,0x00000000c177eaf0,0x00000000ca500000)
 Metaspace       used 95155K, capacity 104947K, committed 109056K, reserved 1142784K
  class space    used 13299K, capacity 14042K, committed 14848K, reserved 1048576K
Event: 25215.270 GC heap after
Heap after GC invocations=264 (full 18):
 PSYoungGen      total 345088K, used 0K [0x00000000eab00000, 0x0000000100000000, 0x0000000100000000)
  eden space 340992K, 0% used [0x00000000eab00000,0x00000000eab00000,0x00000000ff800000)
  from space 4096K, 0% used [0x00000000ffc00000,0x00000000ffc00000,0x0000000100000000)
  to   space 4096K, 0% used [0x00000000ff800000,0x00000000ff800000,0x00000000ffc00000)
 ParOldGen       total 168960K, used 24063K [0x00000000c0000000, 0x00000000ca500000, 0x00000000eab00000)
  object space 168960K, 14% used [0x00000000c0000000,0x00000000c177ff30,0x00000000ca500000)
 Metaspace       used 95155K, capacity 104947K, committed 109056K, reserved 1142784K
  class space    used 13299K, capacity 14042K, committed 14848K, reserved 1048576K
}

Deoptimization events (10 events):
Event: 26584.718 Thread 0x00000209ff8e9800 Uncommon trap: reason=array_check action=maybe_recompile pc=0x00000209eaf1b024 method=java.util.TimSort.binarySort([Ljava/lang/Object;IIILjava/util/Comparator;)V @ 193
Event: 26584.755 Thread 0x00000209ff8e9800 Uncommon trap: reason=array_check action=maybe_recompile pc=0x00000209eaf19264 method=java.util.TimSort.binarySort([Ljava/lang/Object;IIILjava/util/Comparator;)V @ 215
Event: 26584.756 Thread 0x00000209ff8e9800 Uncommon trap: reason=array_check action=maybe_recompile pc=0x00000209eaf19264 method=java.util.TimSort.binarySort([Ljava/lang/Object;IIILjava/util/Comparator;)V @ 215
Event: 26584.942 Thread 0x00000209fe874000 Uncommon trap: reason=class_check action=maybe_recompile pc=0x00000209eabf8d48 method=org.apache.spark.rpc.netty.Inbox.process(Lorg/apache/spark/rpc/netty/Dispatcher;)V @ 45
Event: 26584.979 Thread 0x00000209ffaca000 Uncommon trap: reason=class_check action=maybe_recompile pc=0x00000209eabf8d48 method=org.apache.spark.rpc.netty.Inbox.process(Lorg/apache/spark/rpc/netty/Dispatcher;)V @ 45
Event: 26587.325 Thread 0x00000209fede9800 Uncommon trap: reason=unstable_if action=reinterpret pc=0x00000209ea67c4c4 method=org.apache.spark.deploy.SparkHadoopUtil$$anon$2.$anonfun$apply$1(Lorg/apache/spark/deploy/SparkHadoopUtil$$anon$2;Lscala/Tuple2;)J @ 34
Event: 26587.347 Thread 0x00000209fede9800 Uncommon trap: reason=unstable_if action=reinterpret pc=0x00000209ea9d0450 method=java.math.BigInteger.compareMagnitude(Ljava/math/BigInteger;)I @ 61
Event: 26587.365 Thread 0x00000209fede6800 Uncommon trap: reason=unstable_if action=reinterpret pc=0x00000209ea67d8f4 method=org.apache.spark.deploy.SparkHadoopUtil$$anon$2.$anonfun$apply$1(Lorg/apache/spark/deploy/SparkHadoopUtil$$anon$2;Lscala/Tuple2;)J @ 34
Event: 26587.366 Thread 0x00000209fede9800 Uncommon trap: reason=unstable_if action=reinterpret pc=0x00000209e9b388c0 method=sun.misc.Resource.getBytes()[B @ 197
Event: 26587.366 Thread 0x00000209fede6800 Uncommon trap: reason=null_assert action=make_not_entrant pc=0x00000209e9450580 method=org.apache.spark.memory.TaskMemoryManager.cleanUpAllAllocatedMemory()J @ 27

Classes redefined (0 events):
No events

Internal exceptions (10 events):
Event: 26584.927 Thread 0x00000209fef33800 Exception <a 'java/lang/NoSuchMethodError': <clinit>> (0x00000000ee3ce9c8) thrown at [C:\jenkins\workspace\8-2-build-windows-amd64-cygwin\jdk8u271\605\hotspot\src\share\vm\prims\jni.cpp, line 1615]
Event: 26584.929 Thread 0x00000209fef33800 Exception <a 'java/lang/NoSuchMethodError': <clinit>> (0x00000000ee3d7630) thrown at [C:\jenkins\workspace\8-2-build-windows-amd64-cygwin\jdk8u271\605\hotspot\src\share\vm\prims\jni.cpp, line 1615]
Event: 26584.931 Thread 0x00000209fef33800 Exception <a 'java/lang/NoSuchMethodError': <clinit>> (0x00000000ee3e5eb0) thrown at [C:\jenkins\workspace\8-2-build-windows-amd64-cygwin\jdk8u271\605\hotspot\src\share\vm\prims\jni.cpp, line 1615]
Event: 26584.934 Thread 0x00000209fef33800 Exception <a 'java/lang/NoSuchMethodError': <clinit>> (0x00000000ee3f6e78) thrown at [C:\jenkins\workspace\8-2-build-windows-amd64-cygwin\jdk8u271\605\hotspot\src\share\vm\prims\jni.cpp, line 1615]
Event: 26584.951 Thread 0x00000209fe874000 Exception <a 'java/lang/NoSuchMethodError': <clinit>> (0x00000000ee44dc60) thrown at [C:\jenkins\workspace\8-2-build-windows-amd64-cygwin\jdk8u271\605\hotspot\src\share\vm\prims\jni.cpp, line 1615]
Event: 26584.952 Thread 0x00000209fe874000 Exception <a 'java/lang/NoSuchMethodError': <clinit>> (0x00000000ee455378) thrown at [C:\jenkins\workspace\8-2-build-windows-amd64-cygwin\jdk8u271\605\hotspot\src\share\vm\prims\jni.cpp, line 1615]
Event: 26584.954 Thread 0x00000209fe874000 Exception <a 'java/lang/NoSuchMethodError': <clinit>> (0x00000000ee46fed0) thrown at [C:\jenkins\workspace\8-2-build-windows-amd64-cygwin\jdk8u271\605\hotspot\src\share\vm\prims\jni.cpp, line 1615]
Event: 26584.955 Thread 0x00000209fe874000 Exception <a 'java/lang/NoSuchMethodError': <clinit>> (0x00000000ee480090) thrown at [C:\jenkins\workspace\8-2-build-windows-amd64-cygwin\jdk8u271\605\hotspot\src\share\vm\prims\jni.cpp, line 1615]
Event: 26584.957 Thread 0x00000209fe874000 Exception <a 'java/lang/NoSuchMethodError': <clinit>> (0x00000000ee48a680) thrown at [C:\jenkins\workspace\8-2-build-windows-amd64-cygwin\jdk8u271\605\hotspot\src\share\vm\prims\jni.cpp, line 1615]
Event: 26584.959 Thread 0x00000209fe874000 Exception <a 'java/lang/NoSuchMethodError': <clinit>> (0x00000000ee49d930) thrown at [C:\jenkins\workspace\8-2-build-windows-amd64-cygwin\jdk8u271\605\hotspot\src\share\vm\prims\jni.cpp, line 1615]

Events (10 events):
Event: 26587.366 Thread 0x00000209fede6800 DEOPT PACKING pc=0x00000209e9450580 sp=0x00000037a1efebd0
Event: 26587.366 Thread 0x00000209fede6800 DEOPT UNPACKING pc=0x00000209e8eb5843 sp=0x00000037a1efeb88 mode 2
Event: 26587.366 loading class org/apache/spark/sql/execution/python/InMemoryRowQueue
Event: 26587.366 loading class org/apache/spark/sql/execution/python/InMemoryRowQueue done
Event: 26587.367 Executing VM operation: RevokeBias
Event: 26587.368 Executing VM operation: RevokeBias done
Event: 26587.369 Executing VM operation: RevokeBias
Event: 26587.369 Executing VM operation: RevokeBias done
Event: 26587.371 Executing VM operation: RevokeBias
Event: 26587.371 Executing VM operation: RevokeBias done


Dynamic libraries:
0x00007ff6f5760000 - 0x00007ff6f57a7000 	C:\Java\Java_jre\bin\java.exe
0x00007ff8bd870000 - 0x00007ff8bda66000 	C:\WINDOWS\SYSTEM32\ntdll.dll
0x00007ff8bd5a0000 - 0x00007ff8bd65d000 	C:\WINDOWS\System32\KERNEL32.DLL
0x00007ff8bafb0000 - 0x00007ff8bb279000 	C:\WINDOWS\System32\KERNELBASE.dll
0x00007ff88a7a0000 - 0x00007ff88aa13000 	C:\WINDOWS\system32\ctiuser.dll
0x00007ff8bce10000 - 0x00007ff8bcebc000 	C:\WINDOWS\System32\ADVAPI32.dll
0x00007ff8bbd60000 - 0x00007ff8bbdfe000 	C:\WINDOWS\System32\msvcrt.dll
0x00007ff8bd730000 - 0x00007ff8bd7cc000 	C:\WINDOWS\System32\sechost.dll
0x00007ff8bcef0000 - 0x00007ff8bd01b000 	C:\WINDOWS\System32\RPCRT4.dll
0x00007ff8bca70000 - 0x00007ff8bcc10000 	C:\WINDOWS\System32\USER32.dll
0x00007ff8bb8a0000 - 0x00007ff8bb8c2000 	C:\WINDOWS\System32\win32u.dll
0x00007ff8bcec0000 - 0x00007ff8bceea000 	C:\WINDOWS\System32\GDI32.dll
0x00007ff8bb620000 - 0x00007ff8bb72b000 	C:\WINDOWS\System32\gdi32full.dll
0x00007ff8bb800000 - 0x00007ff8bb89d000 	C:\WINDOWS\System32\msvcp_win.dll
0x00007ff8bb3e0000 - 0x00007ff8bb4e0000 	C:\WINDOWS\System32\ucrtbase.dll
0x00007ff8a3f80000 - 0x00007ff8a421b000 	C:\WINDOWS\WinSxS\amd64_microsoft.windows.common-controls_6595b64144ccf1df_6.0.19041.746_none_ca02b4b61b8320a4\COMCTL32.dll
0x00007ff8a9640000 - 0x00007ff8a964b000 	C:\WINDOWS\system32\FLTLIB.DLL
0x00007ff8bc550000 - 0x00007ff8bc580000 	C:\WINDOWS\System32\IMM32.DLL
0x00007ff897dc0000 - 0x00007ff897dd5000 	C:\Java\Java_jre\bin\vcruntime140.dll
0x00007ff87d770000 - 0x00007ff87d80b000 	C:\Java\Java_jre\bin\msvcp140.dll
0x0000000070350000 - 0x0000000070bbf000 	C:\Java\Java_jre\bin\server\jvm.dll
0x00007ff8bc5f0000 - 0x00007ff8bc5f8000 	C:\WINDOWS\System32\PSAPI.DLL
0x00007ff89f730000 - 0x00007ff89f739000 	C:\WINDOWS\SYSTEM32\WSOCK32.dll
0x00007ff8bc580000 - 0x00007ff8bc5eb000 	C:\WINDOWS\System32\WS2_32.dll
0x00007ff8b8aa0000 - 0x00007ff8b8ac7000 	C:\WINDOWS\SYSTEM32\WINMM.dll
0x00007ff8b06b0000 - 0x00007ff8b06ba000 	C:\WINDOWS\SYSTEM32\VERSION.dll
0x00007ff8b9780000 - 0x00007ff8b9792000 	C:\WINDOWS\SYSTEM32\kernel.appcore.dll
0x00007ff88ace0000 - 0x00007ff88acf0000 	C:\Java\Java_jre\bin\verify.dll
0x00007ff886140000 - 0x00007ff88616b000 	C:\Java\Java_jre\bin\java.dll
0x00007ff8861e0000 - 0x00007ff8861f8000 	C:\Java\Java_jre\bin\zip.dll
0x00007ff8bbe00000 - 0x00007ff8bc543000 	C:\WINDOWS\System32\SHELL32.dll
0x00007ff8b8c00000 - 0x00007ff8b938f000 	C:\WINDOWS\SYSTEM32\windows.storage.dll
0x00007ff8bd1c0000 - 0x00007ff8bd516000 	C:\WINDOWS\System32\combase.dll
0x00007ff8ba870000 - 0x00007ff8ba89c000 	C:\WINDOWS\SYSTEM32\Wldp.dll
0x00007ff8bccf0000 - 0x00007ff8bcd9e000 	C:\WINDOWS\System32\SHCORE.dll
0x00007ff8bcda0000 - 0x00007ff8bcdf5000 	C:\WINDOWS\System32\shlwapi.dll
0x00007ff8baee0000 - 0x00007ff8baf06000 	C:\WINDOWS\SYSTEM32\profapi.dll
0x00007ff88df40000 - 0x00007ff88df5c000 	C:\Java\Java_jre\bin\net.dll
0x00007ff8ba660000 - 0x00007ff8ba6ca000 	C:\WINDOWS\system32\mswsock.dll
0x00007ff89b660000 - 0x00007ff89b677000 	C:\WINDOWS\system32\napinsp.dll
0x00007ff8bb730000 - 0x00007ff8bb7b0000 	C:\WINDOWS\System32\bcryptPrimitives.dll
0x00007ff89ac00000 - 0x00007ff89ac1b000 	C:\WINDOWS\system32\pnrpnsp.dll
0x00007ff89a060000 - 0x00007ff89a075000 	C:\WINDOWS\system32\wshbth.dll
0x00007ff8b2c40000 - 0x00007ff8b2c5d000 	C:\WINDOWS\system32\NLAapi.dll
0x00007ff8ba370000 - 0x00007ff8ba3ab000 	C:\WINDOWS\SYSTEM32\IPHLPAPI.DLL
0x00007ff8ba3b0000 - 0x00007ff8ba47b000 	C:\WINDOWS\SYSTEM32\DNSAPI.dll
0x00007ff8bbb70000 - 0x00007ff8bbb78000 	C:\WINDOWS\System32\NSI.dll
0x00007ff89a040000 - 0x00007ff89a052000 	C:\WINDOWS\System32\winrnr.dll
0x00007ff8b06c0000 - 0x00007ff8b06ca000 	C:\Windows\System32\rasadhlp.dll
0x00007ff8b14c0000 - 0x00007ff8b153f000 	C:\WINDOWS\System32\fwpuclnt.dll
0x00007ff8bb4e0000 - 0x00007ff8bb507000 	C:\WINDOWS\System32\bcrypt.dll
0x00007ff8ba8b0000 - 0x00007ff8ba8c8000 	C:\WINDOWS\SYSTEM32\CRYPTSP.dll
0x00007ff8b9f20000 - 0x00007ff8b9f54000 	C:\WINDOWS\system32\rsaenh.dll
0x00007ff8baea0000 - 0x00007ff8baece000 	C:\WINDOWS\SYSTEM32\USERENV.dll
0x00007ff8ba7e0000 - 0x00007ff8ba7ec000 	C:\WINDOWS\SYSTEM32\CRYPTBASE.dll
0x00007ff8b1580000 - 0x00007ff8b1597000 	C:\WINDOWS\SYSTEM32\dhcpcsvc6.DLL
0x00007ff8b1540000 - 0x00007ff8b155d000 	C:\WINDOWS\SYSTEM32\dhcpcsvc.DLL
0x00007ff88df20000 - 0x00007ff88df33000 	C:\Java\Java_jre\bin\nio.dll
0x00007ff8b2ea0000 - 0x00007ff8b2ead000 	C:\Java\Java_jre\bin\management.dll
0x00007ff88df10000 - 0x00007ff88df19000 	C:\Java\Java_jre\bin\jaas_nt.dll
0x0000000066f40000 - 0x0000000066fc3000 	C:\Users\antriksh.chourasia\AppData\Local\Temp\liblz4-java-7533883818338157724.so
0x00007ff8b9460000 - 0x00007ff8b9644000 	C:\WINDOWS\SYSTEM32\dbghelp.dll
0x00007ff89d940000 - 0x00007ff89d96c000 	C:\WINDOWS\SYSTEM32\dbgcore.DLL

VM Arguments:
jvm_args: -Xmx1g 
java_command: org.apache.spark.deploy.SparkSubmit --conf spark.app.name=loadCSV pyspark-shell
java_class_path (initial): C:\Users\antriksh.chourasia\spark-3.0.1-bin-hadoop3.2\bin\..\conf\;C:\Users\antriksh.chourasia\spark-3.0.1-bin-hadoop3.2\jars\accessors-smart-1.2.jar;C:\Users\antriksh.chourasia\spark-3.0.1-bin-hadoop3.2\jars\activation-1.1.1.jar;C:\Users\antriksh.chourasia\spark-3.0.1-bin-hadoop3.2\jars\aircompressor-0.10.jar;C:\Users\antriksh.chourasia\spark-3.0.1-bin-hadoop3.2\jars\algebra_2.12-2.0.0-M2.jar;C:\Users\antriksh.chourasia\spark-3.0.1-bin-hadoop3.2\jars\antlr-runtime-3.5.2.jar;C:\Users\antriksh.chourasia\spark-3.0.1-bin-hadoop3.2\jars\antlr4-runtime-4.7.1.jar;C:\Users\antriksh.chourasia\spark-3.0.1-bin-hadoop3.2\jars\aopalliance-1.0.jar;C:\Users\antriksh.chourasia\spark-3.0.1-bin-hadoop3.2\jars\aopalliance-repackaged-2.6.1.jar;C:\Users\antriksh.chourasia\spark-3.0.1-bin-hadoop3.2\jars\arpack_combined_all-0.1.jar;C:\Users\antriksh.chourasia\spark-3.0.1-bin-hadoop3.2\jars\arrow-format-0.15.1.jar;C:\Users\antriksh.chourasia\spark-3.0.1-bin-hadoop3.2\jars\arrow-memory-0.15.1.jar;C:\Users\antriksh.chourasia\spark-3.0.1-bin-hadoop3.2\jars\arrow-vector-0.15.1.jar;C:\Users\antriksh.chourasia\spark-3.0.1-bin-hadoop3.2\jars\audience-annotations-0.5.0.jar;C:\Users\antriksh.chourasia\spark-3.0.1-bin-hadoop3.2\jars\automaton-1.11-8.jar;C:\Users\antriksh.chourasia\spark-3.0.1-bin-hadoop3.2\jars\avro-1.8.2.jar;C:\Users\antriksh.chourasia\spark-3.0.1-bin-hadoop3.2\jars\avro-ipc-1.8.2.jar;C:\Users\antriksh.chourasia\spark-3.0.1-bin-hadoop3.2\jars\avro-mapred-1.8.2-hadoop2.jar;C:\Users\antriksh.chourasia\spark-3.0.1-bin-hadoop3.2\jars\bonecp-0.8.0.RELEASE.jar;C:\Users\antriksh.chourasia\spark-3.0.1-bin-hadoop3.2\jars\breeze-macros_2.12-1.0.jar;C:\Users\antriksh.chourasia\spark-3.0.1-bin-hadoop3.2\jars\breeze_2.12-1.0.jar;C:\Users\antriksh.chourasia\spark-3.0.1-bin-hadoop3.2\jars\cats-kernel_2.12-2.0.0-M4.jar;C:\Users\antriksh.chourasia\spark-3.0.1-bin-hadoop3.2\jars\chill-java-0.9.5.jar;C:\Users\antriksh.chourasia\spark-3.0.1-bin-hadoop3.2\jars\chill_2.12-0
Launcher Type: SUN_STANDARD

Environment Variables:
USERNAME=antriksh.chourasia
OS=Windows_NT
PROCESSOR_IDENTIFIER=Intel64 Family 6 Model 142 Stepping 10, GenuineIntel



---------------  S Y S T E M  ---------------

OS: Windows 10.0 , 64 bit Build 19041 (10.0.19041.662)

CPU:total 8 (initial active 8) (4 cores per cpu, 2 threads per core) family 6 model 142 stepping 10, cmov, cx8, fxsr, mmx, sse, sse2, sse3, ssse3, sse4.1, sse4.2, popcnt, avx, avx2, aes, clmul, erms, rtm, 3dnowpref, lzcnt, ht, tsc, tscinvbit, bmi1, bmi2, adx

Memory: 4k page, physical 8192060k(1295688k free), swap 17104956k(4930580k free)

vm_info: Java HotSpot(TM) 64-Bit Server VM (25.271-b09) for windows-amd64 JRE (1.8.0_271-b09), built on Sep 16 2020 19:14:59 by "" with MS VC++ 15.9 (VS2017)

time: Fri Jan 29 19:09:27 2021
timezone: India Standard Time
elapsed time: 26588.095024 seconds (0d 7h 23m 8s)

